<?xml version="1.0" encoding="UTF-8"?>
<testng-results skipped="0" failed="0" ignored="0" total="2" passed="2">
  <reporter-output>
  </reporter-output>
  <suite name="Default suite" duration-ms="57" started-at="2018-12-13T07:16:33Z" finished-at="2018-12-13T07:16:33Z">
    <groups>
    </groups>
    <test name="Default test" duration-ms="57" started-at="2018-12-13T07:16:33Z" finished-at="2018-12-13T07:16:33Z">
      <class name="PasswordValidatorTest">
        <test-method status="PASS" signature="beforeTest()[pri:0, instance:PasswordValidatorTest@26be92ad]" name="beforeTest" is-config="true" duration-ms="10" started-at="2018-12-13T07:16:33Z" finished-at="2018-12-13T07:16:33Z">
          <reporter-output>
          </reporter-output>
        </test-method> <!-- beforeTest -->
        <test-method status="PASS" signature="beforeClass()[pri:0, instance:PasswordValidatorTest@26be92ad]" name="beforeClass" is-config="true" duration-ms="1" started-at="2018-12-13T07:16:33Z" finished-at="2018-12-13T07:16:33Z">
          <reporter-output>
          </reporter-output>
        </test-method> <!-- beforeClass -->
        <test-method status="PASS" signature="validPassword([Ljava.lang.String;)[pri:0, instance:PasswordValidatorTest@26be92ad]" name="validPassword" duration-ms="9" started-at="2018-12-13T07:16:33Z" data-provider="validPass" finished-at="2018-12-13T07:16:33Z">
          <params>
            <param index="0">
              <value>
                <![CDATA[[Ljava.lang.String;@5a8806ef]]>
              </value>
            </param>
          </params>
          <reporter-output>
          </reporter-output>
        </test-method> <!-- validPassword -->
        <test-method status="PASS" signature="invalidPassword([Ljava.lang.String;)[pri:0, instance:PasswordValidatorTest@26be92ad]" name="invalidPassword" duration-ms="2" started-at="2018-12-13T07:16:33Z" data-provider="invalidPass" depends-on-methods="PasswordValidatorTest.validPassword" finished-at="2018-12-13T07:16:33Z">
          <params>
            <param index="0">
              <value>
                <![CDATA[[Ljava.lang.String;@9660f4e]]>
              </value>
            </param>
          </params>
          <reporter-output>
          </reporter-output>
        </test-method> <!-- invalidPassword -->
        <test-method status="PASS" signature="afterClass()[pri:0, instance:PasswordValidatorTest@26be92ad]" name="afterClass" is-config="true" duration-ms="0" started-at="2018-12-13T07:16:33Z" finished-at="2018-12-13T07:16:33Z">
          <reporter-output>
          </reporter-output>
        </test-method> <!-- afterClass -->
      </class> <!-- PasswordValidatorTest -->
    </test> <!-- Default test -->
  </suite> <!-- Default suite -->
</testng-results>
